<?xml version="1.0" encoding="UTF-8"?>
<!-- Generated by org.testng.reporters.JUnitReportReporter -->
<testsuite hostname="LenovoLaptop" failures="0" tests="1" name="com.itlearn.testcases.DashBoardTestCase" time="21.631" errors="0" timestamp="2023-08-19T16:58:37 IST" skipped="0">
  <testcase classname="com.itlearn.testcases.DashBoardTestCase" name="testcourses" time="21.631"/>
  <system-out/>
</testsuite> <!-- com.itlearn.testcases.DashBoardTestCase -->
