<?xml version="1.0" encoding="UTF-8"?>
<!-- Generated by org.testng.reporters.JUnitReportReporter -->
<testsuite hostname="LenovoLaptop" failures="0" tests="1" name="com.itlearn.testcases.PaymentTestCase" time="23.211" errors="0" timestamp="2023-08-19T17:12:45 IST" skipped="0">
  <testcase classname="com.itlearn.testcases.PaymentTestCase" name="testcourses" time="23.211"/>
  <system-out/>
</testsuite> <!-- com.itlearn.testcases.PaymentTestCase -->
