<?xml version="1.0" encoding="UTF-8"?>
<!-- Generated by org.testng.reporters.JUnitReportReporter -->
<testsuite hostname="LenovoLaptop" failures="0" tests="1" name="com.itlearn.testcases.SerachTestCase" time="14.131" errors="0" timestamp="2023-08-19T16:41:47 IST" skipped="0">
  <testcase classname="com.itlearn.testcases.SerachTestCase" name="searchCourseTesr" time="14.131"/>
  <system-out/>
</testsuite> <!-- com.itlearn.testcases.SerachTestCase -->
