<?xml version="1.0" encoding="UTF-8"?>
<!-- Generated by org.testng.reporters.JUnitReportReporter -->
<testsuite hostname="LenovoLaptop" failures="0" tests="1" name="com.itlearn.testcases.PaymentClass" time="19.832" errors="0" timestamp="2023-08-26T00:53:19 IST" skipped="0">
  <testcase classname="com.itlearn.testcases.PaymentClass" name="paymentProcess" time="19.832"/>
  <system-out/>
</testsuite> <!-- com.itlearn.testcases.PaymentClass -->
