<?xml version="1.0" encoding="UTF-8"?>
<!-- Generated by org.testng.reporters.JUnitReportReporter -->
<testsuite hostname="LenovoLaptop" failures="0" tests="1" name="com.itlearn.testcases.SearchTestCase" time="11.634" errors="0" timestamp="2023-08-19T16:21:05 IST" skipped="0">
  <testcase classname="com.itlearn.testcases.SearchTestCase" name="searchCourse" time="11.634"/>
  <system-out/>
</testsuite> <!-- com.itlearn.testcases.SearchTestCase -->
