<?xml version="1.0" encoding="UTF-8"?>
<!-- Generated by org.testng.reporters.JUnitReportReporter -->
<testsuite hostname="DESKTOP-I6MKJFC" failures="0" tests="1" name="com.itlearn.testcases.LoginTest" time="5.379" errors="0" timestamp="2023-06-27T09:42:21 GMT-04:00" skipped="0">
  <testcase classname="com.itlearn.testcases.LoginTest" name="verifyLogin" time="5.379"/>
  <system-out/>
</testsuite> <!-- com.itlearn.testcases.LoginTest -->
