<?xml version="1.0" encoding="UTF-8"?>
<!-- Generated by org.testng.reporters.JUnitReportReporter -->
<testsuite hostname="DESKTOP-I6MKJFC" failures="0" tests="1" name="com.itlearn.testcases.TestCaseDemo" time="22.373" errors="0" timestamp="2023-06-23T14:34:14 GMT-04:00" skipped="0">
  <testcase classname="com.itlearn.testcases.TestCaseDemo" name="testcheck" time="22.373"/>
  <system-out/>
</testsuite> <!-- com.itlearn.testcases.TestCaseDemo -->
