<?xml version="1.0" encoding="UTF-8"?>
<!-- Generated by org.testng.reporters.JUnitReportReporter -->
<testsuite hostname="LenovoLaptop" failures="0" tests="2" name="com.itlearn.testcases.DashboardTestCase" time="19.996" errors="0" timestamp="2023-08-18T22:58:43 IST" skipped="0">
  <testcase classname="com.itlearn.testcases.DashboardTestCase" name="verifyLogin" time="6.205"/>
  <system-out/>
  <testcase classname="com.itlearn.testcases.DashboardTestCase" name="testcourses" time="13.791"/>
  <system-out/>
</testsuite> <!-- com.itlearn.testcases.DashboardTestCase -->
